2025-06-14 19:00:07,589-(levelname)s-logging configured sucessfully.
2025-06-14 19:00:07,644-(levelname)s- Attempting to load data from C:\Users\user\Documents\neural_network\spamham.csv and C:\Users\user\Documents\neural_network\email.csv
2025-06-14 19:00:11,672-(levelname)s-Data loaded succesfully.
2025-06-14 19:03:13,346-(levelname)s-logging configured sucessfully.
2025-06-14 19:03:13,529-(levelname)s- Attempting to load data from C:\Users\user\Documents\neural_network\spamham.csv and C:\Users\user\Documents\neural_network\email.csv
2025-06-14 19:03:16,244-(levelname)s-Data loaded succesfully.
2025-06-14 19:03:17,584-(levelname)s-Renamed columns in extra_df.
2025-06-14 19:03:18,143-(levelname)s-ERROR:Missing expected column during data loading/renaming:'label'
2025-06-19 22:09:21,585-(levelname)s-logging configured sucessfully.
2025-06-19 22:09:21,670-(levelname)s- Attempting to load data from C:\Users\user\Documents\neural_network\spamham.csv and C:\Users\user\Documents\neural_network\email.csv
2025-06-19 22:09:24,429-(levelname)s-Data loaded succesfully.
2025-06-19 22:09:24,514-(levelname)s-Renamed columns in extra_df.
2025-06-19 22:09:24,581-(levelname)s-ERROR:Missing expected column during data loading/renaming:'label'
2025-06-19 22:13:50,711-(levelname)s-logging configured sucessfully.
2025-06-19 22:13:50,711-(levelname)s- Attempting to load data from C:\Users\user\Documents\neural_network\spamham.csv and C:\Users\user\Documents\neural_network\email.csv
2025-06-19 22:13:50,788-(levelname)s-Data loaded succesfully.
2025-06-19 22:13:50,788-(levelname)s-Renamed columns in extra_df.
2025-06-19 22:13:51,121-(levelname)s-Mapped labels to numerical values
2025-06-19 22:13:51,228-(levelname)s-Extracted 747
2025-06-19 22:13:51,253-(levelname)s-Combined datasets. Total messages:5592
2025-06-19 22:13:51,280-(levelname)s-Dataframe shuffled successfully
2025-06-19 22:13:51,283-(levelname)s-Added 55 new spam messages. Total messages:5647
2025-06-19 22:13:51,284-(levelname)s-Texts and Labels extracted from DataFrame
2025-06-19 22:13:51,284-(levelname)s-Building Vocabulary...
2025-06-19 22:13:52,194-(levelname)s-Vocabulary built. Size: 57153
2025-06-19 22:13:52,194-(levelname)s-splitting data into trainning 
2025-06-19 22:13:52,196-(levelname)s-Train/Val complete. Train Samples:4517,Val Samples:1130
2025-06-19 22:13:52,795-(levelname)s-Training texts tokenized and augmented
2025-06-19 22:13:53,407-(levelname)s-Training data encoded and converted to pytorch tensors.
2025-06-19 22:13:53,590-(levelname)s-Validation data encoded and converted to pytorch tensors
2025-06-19 22:13:53,590-(levelname)s-Calculating class weights
2025-06-19 22:13:54,663-(levelname)s-Calculated class weights:{0: 0.00045248868778280545, 1: 0.00043346337234503684}
2025-06-19 22:13:54,663-(levelname)s-Positive weight for BCEwithLogitsLoss:0.9580
2025-06-19 22:13:54,700-(levelname)s-Sample weights assigned for trainning data.
2025-06-19 22:13:54,835-(levelname)s-Weighted Random Sampler created.
2025-06-19 22:13:54,855-(levelname)s-DataLoader created with batch size::32
2025-06-19 22:13:54,856-(levelname)s-Setting up model parameters and optimizers
2025-06-19 22:13:55,121-(levelname)s-SpamHamModel layers initialized
2025-06-19 22:14:39,593-(levelname)s-Model,loss function and optimizer initialized
2025-06-19 22:14:39,593-(levelname)s-Earlystopping initialized with patience:2
2025-06-19 22:14:39,593-(levelname)s-Starting training for 40 epochs.
2025-06-19 22:14:53,539-(levelname)s-Epoch 1/40,Train Loss:0.5649,Val Loss:0.5410
2025-06-19 22:14:53,549-(levelname)s-New best model found at epoch 1with Val Loss0.5410
2025-06-19 22:15:02,167-(levelname)s-Epoch 2/40,Train Loss:0.5128,Val Loss:0.4950
2025-06-19 22:15:02,167-(levelname)s-New best model found at epoch 2with Val Loss0.4950
2025-06-19 22:15:10,250-(levelname)s-Epoch 3/40,Train Loss:0.4578,Val Loss:0.4754
2025-06-19 22:15:10,250-(levelname)s-New best model found at epoch 3with Val Loss0.4754
2025-06-19 22:15:18,294-(levelname)s-Epoch 4/40,Train Loss:0.4073,Val Loss:0.4332
2025-06-19 22:15:18,294-(levelname)s-New best model found at epoch 4with Val Loss0.4332
2025-06-19 22:15:26,520-(levelname)s-Epoch 5/40,Train Loss:0.3932,Val Loss:0.4157
2025-06-19 22:15:26,521-(levelname)s-New best model found at epoch 5with Val Loss0.4157
2025-06-19 22:15:34,702-(levelname)s-Epoch 6/40,Train Loss:0.3753,Val Loss:0.3554
2025-06-19 22:15:34,702-(levelname)s-New best model found at epoch 6with Val Loss0.3554
2025-06-19 22:15:42,746-(levelname)s-Epoch 7/40,Train Loss:0.3153,Val Loss:0.3095
2025-06-19 22:15:42,747-(levelname)s-New best model found at epoch 7with Val Loss0.3095
2025-06-19 22:15:51,171-(levelname)s-Epoch 8/40,Train Loss:0.2691,Val Loss:0.3050
2025-06-19 22:15:51,171-(levelname)s-New best model found at epoch 8with Val Loss0.3050
2025-06-19 22:15:59,363-(levelname)s-Epoch 9/40,Train Loss:0.2536,Val Loss:0.2787
2025-06-19 22:15:59,363-(levelname)s-New best model found at epoch 9with Val Loss0.2787
2025-06-19 22:16:07,811-(levelname)s-Epoch 10/40,Train Loss:0.1788,Val Loss:0.2405
2025-06-19 22:16:07,812-(levelname)s-New best model found at epoch 10with Val Loss0.2405
2025-06-19 22:16:21,401-(levelname)s-Epoch 11/40,Train Loss:0.1742,Val Loss:0.2378
2025-06-19 22:16:21,402-(levelname)s-New best model found at epoch 11with Val Loss0.2378
2025-06-19 22:16:44,992-(levelname)s-Epoch 12/40,Train Loss:0.1264,Val Loss:0.1873
2025-06-19 22:16:44,993-(levelname)s-New best model found at epoch 12with Val Loss0.1873
2025-06-19 22:17:12,026-(levelname)s-Epoch 13/40,Train Loss:0.1201,Val Loss:0.1754
2025-06-19 22:17:12,027-(levelname)s-New best model found at epoch 13with Val Loss0.1754
2025-06-19 22:17:41,407-(levelname)s-Epoch 14/40,Train Loss:0.1029,Val Loss:0.1716
2025-06-19 22:17:41,407-(levelname)s-New best model found at epoch 14with Val Loss0.1716
2025-06-19 22:18:14,022-(levelname)s-Epoch 15/40,Train Loss:0.1006,Val Loss:0.1573
2025-06-19 22:18:14,023-(levelname)s-New best model found at epoch 15with Val Loss0.1573
2025-06-19 22:18:49,079-(levelname)s-Epoch 16/40,Train Loss:0.0858,Val Loss:0.1904
2025-06-19 22:18:49,080-(levelname)s-EarlyStopping:Validation loss increases.Counter:1/2
2025-06-19 22:19:28,381-(levelname)s-Epoch 17/40,Train Loss:0.0674,Val Loss:0.1786
2025-06-19 22:19:28,381-(levelname)s-EarlyStopping:Validation loss increases.Counter:2/2
2025-06-19 22:20:09,740-(levelname)s-Epoch 18/40,Train Loss:0.0627,Val Loss:0.1427
2025-06-19 22:20:09,740-(levelname)s-New best model found at epoch 18with Val Loss0.1427
2025-06-19 22:20:49,338-(levelname)s-Epoch 19/40,Train Loss:0.0526,Val Loss:0.2163
2025-06-19 22:20:49,338-(levelname)s-EarlyStopping:Validation loss increases.Counter:1/2
2025-06-19 22:21:28,805-(levelname)s-Epoch 20/40,Train Loss:0.0452,Val Loss:0.1869
2025-06-19 22:21:28,806-(levelname)s-EarlyStopping:Validation loss increases.Counter:2/2
2025-06-19 22:22:08,473-(levelname)s-Epoch 21/40,Train Loss:0.0379,Val Loss:0.2199
2025-06-19 22:22:08,473-(levelname)s-EarlyStopping:Validation loss increases.Counter:3/2
2025-06-19 22:22:48,318-(levelname)s-Epoch 22/40,Train Loss:0.0378,Val Loss:0.1584
2025-06-19 22:22:48,319-(levelname)s-EarlyStopping:Validation loss increases.Counter:4/2
2025-06-19 22:23:28,025-(levelname)s-Epoch 23/40,Train Loss:0.0205,Val Loss:0.1911
2025-06-19 22:23:28,025-(levelname)s-EarlyStopping:Validation loss increases.Counter:5/2
2025-06-19 22:24:08,175-(levelname)s-Epoch 24/40,Train Loss:0.0114,Val Loss:0.1995
2025-06-19 22:24:08,176-(levelname)s-EarlyStopping:Validation loss increases.Counter:6/2
2025-06-19 22:24:47,759-(levelname)s-Epoch 25/40,Train Loss:0.0194,Val Loss:0.1724
2025-06-19 22:24:47,759-(levelname)s-EarlyStopping:Validation loss increases.Counter:7/2
2025-06-19 22:25:27,968-(levelname)s-Epoch 26/40,Train Loss:0.0178,Val Loss:0.1407
2025-06-19 22:25:27,969-(levelname)s-New best model found at epoch 26with Val Loss0.1407
2025-06-19 22:26:10,087-(levelname)s-Epoch 27/40,Train Loss:0.0142,Val Loss:0.1428
2025-06-19 22:26:10,088-(levelname)s-EarlyStopping:Validation loss increases.Counter:1/2
2025-06-19 22:26:49,659-(levelname)s-Epoch 28/40,Train Loss:0.0186,Val Loss:0.1630
2025-06-19 22:26:49,659-(levelname)s-EarlyStopping:Validation loss increases.Counter:2/2
2025-06-19 22:27:30,581-(levelname)s-Epoch 29/40,Train Loss:0.0104,Val Loss:0.2434
2025-06-19 22:27:30,581-(levelname)s-EarlyStopping:Validation loss increases.Counter:3/2
2025-06-19 22:28:13,641-(levelname)s-Epoch 30/40,Train Loss:0.0097,Val Loss:0.1866
2025-06-19 22:28:13,641-(levelname)s-EarlyStopping:Validation loss increases.Counter:4/2
2025-06-19 22:28:55,505-(levelname)s-Epoch 31/40,Train Loss:0.0053,Val Loss:0.2226
2025-06-19 22:28:55,506-(levelname)s-EarlyStopping:Validation loss increases.Counter:5/2
